<?xml version="1.0" encoding="UTF-8"?>
<testsuite xmlns:xsi="http://www.w3.org/2001/XMLSchema-instance" xsi:noNamespaceSchemaLocation="https://maven.apache.org/surefire/maven-surefire-plugin/xsd/surefire-test-report-3.0.xsd" version="3.0" name="TestSuite" time="124.906" tests="1" errors="0" skipped="0" failures="0">
  <properties>
    <property name="java.specification.version" value="21"/>
    <property name="sun.cpu.isalist" value="amd64"/>
    <property name="sun.jnu.encoding" value="Cp1252"/>
    <property name="java.class.path" value="C:\Users\Pushyaraj\eclipse-workspace\Pavithra_FinalExam_Project\target\test-classes;C:\Users\Pushyaraj\eclipse-workspace\Pavithra_FinalExam_Project\target\classes;C:\WINDOWS\system32\config\systemprofile\.m2\repository\org\seleniumhq\selenium\selenium-java\4.27.0\selenium-java-4.27.0.jar;C:\WINDOWS\system32\config\systemprofile\.m2\repository\org\seleniumhq\selenium\selenium-api\4.27.0\selenium-api-4.27.0.jar;C:\WINDOWS\system32\config\systemprofile\.m2\repository\org\jspecify\jspecify\1.0.0\jspecify-1.0.0.jar;C:\WINDOWS\system32\config\systemprofile\.m2\repository\org\seleniumhq\selenium\selenium-chrome-driver\4.27.0\selenium-chrome-driver-4.27.0.jar;C:\WINDOWS\system32\config\systemprofile\.m2\repository\com\google\auto\service\auto-service-annotations\1.1.1\auto-service-annotations-1.1.1.jar;C:\WINDOWS\system32\config\systemprofile\.m2\repository\org\seleniumhq\selenium\selenium-chromium-driver\4.27.0\selenium-chromium-driver-4.27.0.jar;C:\WINDOWS\system32\config\systemprofile\.m2\repository\org\seleniumhq\selenium\selenium-json\4.27.0\selenium-json-4.27.0.jar;C:\WINDOWS\system32\config\systemprofile\.m2\repository\org\seleniumhq\selenium\selenium-manager\4.27.0\selenium-manager-4.27.0.jar;C:\WINDOWS\system32\config\systemprofile\.m2\repository\org\seleniumhq\selenium\selenium-devtools-v129\4.27.0\selenium-devtools-v129-4.27.0.jar;C:\WINDOWS\system32\config\systemprofile\.m2\repository\org\seleniumhq\selenium\selenium-devtools-v130\4.27.0\selenium-devtools-v130-4.27.0.jar;C:\WINDOWS\system32\config\systemprofile\.m2\repository\org\seleniumhq\selenium\selenium-devtools-v131\4.27.0\selenium-devtools-v131-4.27.0.jar;C:\WINDOWS\system32\config\systemprofile\.m2\repository\org\seleniumhq\selenium\selenium-devtools-v85\4.27.0\selenium-devtools-v85-4.27.0.jar;C:\WINDOWS\system32\config\systemprofile\.m2\repository\org\seleniumhq\selenium\selenium-edge-driver\4.27.0\selenium-edge-driver-4.27.0.jar;C:\WINDOWS\system32\config\systemprofile\.m2\repository\org\seleniumhq\selenium\selenium-firefox-driver\4.27.0\selenium-firefox-driver-4.27.0.jar;C:\WINDOWS\system32\config\systemprofile\.m2\repository\org\seleniumhq\selenium\selenium-http\4.27.0\selenium-http-4.27.0.jar;C:\WINDOWS\system32\config\systemprofile\.m2\repository\dev\failsafe\failsafe\3.3.2\failsafe-3.3.2.jar;C:\WINDOWS\system32\config\systemprofile\.m2\repository\org\seleniumhq\selenium\selenium-ie-driver\4.27.0\selenium-ie-driver-4.27.0.jar;C:\WINDOWS\system32\config\systemprofile\.m2\repository\org\seleniumhq\selenium\selenium-remote-driver\4.27.0\selenium-remote-driver-4.27.0.jar;C:\WINDOWS\system32\config\systemprofile\.m2\repository\com\google\guava\guava\33.3.1-jre\guava-33.3.1-jre.jar;C:\WINDOWS\system32\config\systemprofile\.m2\repository\com\google\guava\failureaccess\1.0.2\failureaccess-1.0.2.jar;C:\WINDOWS\system32\config\systemprofile\.m2\repository\com\google\guava\listenablefuture\9999.0-empty-to-avoid-conflict-with-guava\listenablefuture-9999.0-empty-to-avoid-conflict-with-guava.jar;C:\WINDOWS\system32\config\systemprofile\.m2\repository\com\google\code\findbugs\jsr305\3.0.2\jsr305-3.0.2.jar;C:\WINDOWS\system32\config\systemprofile\.m2\repository\org\checkerframework\checker-qual\3.43.0\checker-qual-3.43.0.jar;C:\WINDOWS\system32\config\systemprofile\.m2\repository\com\google\errorprone\error_prone_annotations\2.28.0\error_prone_annotations-2.28.0.jar;C:\WINDOWS\system32\config\systemprofile\.m2\repository\com\google\j2objc\j2objc-annotations\3.0.0\j2objc-annotations-3.0.0.jar;C:\WINDOWS\system32\config\systemprofile\.m2\repository\io\opentelemetry\semconv\opentelemetry-semconv\1.25.0-alpha\opentelemetry-semconv-1.25.0-alpha.jar;C:\WINDOWS\system32\config\systemprofile\.m2\repository\io\opentelemetry\opentelemetry-api\1.44.1\opentelemetry-api-1.44.1.jar;C:\WINDOWS\system32\config\systemprofile\.m2\repository\io\opentelemetry\opentelemetry-context\1.44.1\opentelemetry-context-1.44.1.jar;C:\WINDOWS\system32\config\systemprofile\.m2\repository\io\opentelemetry\opentelemetry-exporter-logging\1.44.1\opentelemetry-exporter-logging-1.44.1.jar;C:\WINDOWS\system32\config\systemprofile\.m2\repository\io\opentelemetry\opentelemetry-sdk-common\1.44.1\opentelemetry-sdk-common-1.44.1.jar;C:\WINDOWS\system32\config\systemprofile\.m2\repository\io\opentelemetry\opentelemetry-sdk-extension-autoconfigure-spi\1.44.1\opentelemetry-sdk-extension-autoconfigure-spi-1.44.1.jar;C:\WINDOWS\system32\config\systemprofile\.m2\repository\io\opentelemetry\opentelemetry-sdk-extension-autoconfigure\1.44.1\opentelemetry-sdk-extension-autoconfigure-1.44.1.jar;C:\WINDOWS\system32\config\systemprofile\.m2\repository\io\opentelemetry\opentelemetry-api-incubator\1.44.1-alpha\opentelemetry-api-incubator-1.44.1-alpha.jar;C:\WINDOWS\system32\config\systemprofile\.m2\repository\io\opentelemetry\opentelemetry-sdk-trace\1.44.1\opentelemetry-sdk-trace-1.44.1.jar;C:\WINDOWS\system32\config\systemprofile\.m2\repository\io\opentelemetry\opentelemetry-sdk\1.44.1\opentelemetry-sdk-1.44.1.jar;C:\WINDOWS\system32\config\systemprofile\.m2\repository\io\opentelemetry\opentelemetry-sdk-metrics\1.44.1\opentelemetry-sdk-metrics-1.44.1.jar;C:\WINDOWS\system32\config\systemprofile\.m2\repository\io\opentelemetry\opentelemetry-sdk-logs\1.44.1\opentelemetry-sdk-logs-1.44.1.jar;C:\WINDOWS\system32\config\systemprofile\.m2\repository\net\bytebuddy\byte-buddy\1.15.10\byte-buddy-1.15.10.jar;C:\WINDOWS\system32\config\systemprofile\.m2\repository\org\seleniumhq\selenium\selenium-os\4.27.0\selenium-os-4.27.0.jar;C:\WINDOWS\system32\config\systemprofile\.m2\repository\org\apache\commons\commons-exec\1.4.0\commons-exec-1.4.0.jar;C:\WINDOWS\system32\config\systemprofile\.m2\repository\org\seleniumhq\selenium\selenium-safari-driver\4.27.0\selenium-safari-driver-4.27.0.jar;C:\WINDOWS\system32\config\systemprofile\.m2\repository\org\seleniumhq\selenium\selenium-support\4.27.0\selenium-support-4.27.0.jar;C:\WINDOWS\system32\config\systemprofile\.m2\repository\org\testng\testng\7.4.0\testng-7.4.0.jar;C:\WINDOWS\system32\config\systemprofile\.m2\repository\com\beust\jcommander\1.78\jcommander-1.78.jar;C:\WINDOWS\system32\config\systemprofile\.m2\repository\org\webjars\jquery\3.5.1\jquery-3.5.1.jar;C:\WINDOWS\system32\config\systemprofile\.m2\repository\org\apache\logging\log4j\log4j-api\2.14.1\log4j-api-2.14.1.jar;C:\WINDOWS\system32\config\systemprofile\.m2\repository\org\apache\logging\log4j\log4j-core\2.14.1\log4j-core-2.14.1.jar;C:\WINDOWS\system32\config\systemprofile\.m2\repository\org\apache\poi\poi\5.4.0\poi-5.4.0.jar;C:\WINDOWS\system32\config\systemprofile\.m2\repository\commons-codec\commons-codec\1.17.1\commons-codec-1.17.1.jar;C:\WINDOWS\system32\config\systemprofile\.m2\repository\org\apache\commons\commons-collections4\4.4\commons-collections4-4.4.jar;C:\WINDOWS\system32\config\systemprofile\.m2\repository\org\apache\commons\commons-math3\3.6.1\commons-math3-3.6.1.jar;C:\WINDOWS\system32\config\systemprofile\.m2\repository\commons-io\commons-io\2.18.0\commons-io-2.18.0.jar;C:\WINDOWS\system32\config\systemprofile\.m2\repository\com\zaxxer\SparseBitSet\1.3\SparseBitSet-1.3.jar;C:\WINDOWS\system32\config\systemprofile\.m2\repository\org\apache\poi\poi-ooxml\5.4.0\poi-ooxml-5.4.0.jar;C:\WINDOWS\system32\config\systemprofile\.m2\repository\org\apache\poi\poi-ooxml-lite\5.4.0\poi-ooxml-lite-5.4.0.jar;C:\WINDOWS\system32\config\systemprofile\.m2\repository\org\apache\xmlbeans\xmlbeans\5.3.0\xmlbeans-5.3.0.jar;C:\WINDOWS\system32\config\systemprofile\.m2\repository\org\apache\commons\commons-compress\1.27.1\commons-compress-1.27.1.jar;C:\WINDOWS\system32\config\systemprofile\.m2\repository\org\apache\commons\commons-lang3\3.16.0\commons-lang3-3.16.0.jar;C:\WINDOWS\system32\config\systemprofile\.m2\repository\com\github\virtuald\curvesapi\1.08\curvesapi-1.08.jar;C:\WINDOWS\system32\config\systemprofile\.m2\repository\com\aventstack\extentreports\5.1.2\extentreports-5.1.2.jar;C:\WINDOWS\system32\config\systemprofile\.m2\repository\io\reactivex\rxjava3\rxjava\3.1.6\rxjava-3.1.6.jar;C:\WINDOWS\system32\config\systemprofile\.m2\repository\org\reactivestreams\reactive-streams\1.0.4\reactive-streams-1.0.4.jar;C:\WINDOWS\system32\config\systemprofile\.m2\repository\org\freemarker\freemarker\2.3.32\freemarker-2.3.32.jar;C:\WINDOWS\system32\config\systemprofile\.m2\repository\org\projectlombok\lombok\1.18.26\lombok-1.18.26.jar;C:\WINDOWS\system32\config\systemprofile\.m2\repository\com\google\code\gson\gson\2.10.1\gson-2.10.1.jar;"/>
    <property name="java.vm.vendor" value="Oracle Corporation"/>
    <property name="sun.arch.data.model" value="64"/>
    <property name="user.variant" value=""/>
    <property name="java.vendor.url" value="https://java.oracle.com/"/>
    <property name="user.timezone" value="America/Toronto"/>
    <property name="os.name" value="Windows 11"/>
    <property name="java.vm.specification.version" value="21"/>
    <property name="sun.java.launcher" value="SUN_STANDARD"/>
    <property name="user.country" value="CA"/>
    <property name="sun.boot.library.path" value="C:\Program Files\Java\jdk-21\bin"/>
    <property name="sun.java.command" value="C:\Windows\Temp\surefire10836590813327912173\surefirebooter-20250209094621213_3.jar C:\Windows\Temp\surefire10836590813327912173 2025-02-09T09-46-21_059-jvmRun1 surefire-20250209094621213_1tmp surefire_0-20250209094621213_2tmp"/>
    <property name="jdk.debug" value="release"/>
    <property name="surefire.test.class.path" value="C:\Users\Pushyaraj\eclipse-workspace\Pavithra_FinalExam_Project\target\test-classes;C:\Users\Pushyaraj\eclipse-workspace\Pavithra_FinalExam_Project\target\classes;C:\WINDOWS\system32\config\systemprofile\.m2\repository\org\seleniumhq\selenium\selenium-java\4.27.0\selenium-java-4.27.0.jar;C:\WINDOWS\system32\config\systemprofile\.m2\repository\org\seleniumhq\selenium\selenium-api\4.27.0\selenium-api-4.27.0.jar;C:\WINDOWS\system32\config\systemprofile\.m2\repository\org\jspecify\jspecify\1.0.0\jspecify-1.0.0.jar;C:\WINDOWS\system32\config\systemprofile\.m2\repository\org\seleniumhq\selenium\selenium-chrome-driver\4.27.0\selenium-chrome-driver-4.27.0.jar;C:\WINDOWS\system32\config\systemprofile\.m2\repository\com\google\auto\service\auto-service-annotations\1.1.1\auto-service-annotations-1.1.1.jar;C:\WINDOWS\system32\config\systemprofile\.m2\repository\org\seleniumhq\selenium\selenium-chromium-driver\4.27.0\selenium-chromium-driver-4.27.0.jar;C:\WINDOWS\system32\config\systemprofile\.m2\repository\org\seleniumhq\selenium\selenium-json\4.27.0\selenium-json-4.27.0.jar;C:\WINDOWS\system32\config\systemprofile\.m2\repository\org\seleniumhq\selenium\selenium-manager\4.27.0\selenium-manager-4.27.0.jar;C:\WINDOWS\system32\config\systemprofile\.m2\repository\org\seleniumhq\selenium\selenium-devtools-v129\4.27.0\selenium-devtools-v129-4.27.0.jar;C:\WINDOWS\system32\config\systemprofile\.m2\repository\org\seleniumhq\selenium\selenium-devtools-v130\4.27.0\selenium-devtools-v130-4.27.0.jar;C:\WINDOWS\system32\config\systemprofile\.m2\repository\org\seleniumhq\selenium\selenium-devtools-v131\4.27.0\selenium-devtools-v131-4.27.0.jar;C:\WINDOWS\system32\config\systemprofile\.m2\repository\org\seleniumhq\selenium\selenium-devtools-v85\4.27.0\selenium-devtools-v85-4.27.0.jar;C:\WINDOWS\system32\config\systemprofile\.m2\repository\org\seleniumhq\selenium\selenium-edge-driver\4.27.0\selenium-edge-driver-4.27.0.jar;C:\WINDOWS\system32\config\systemprofile\.m2\repository\org\seleniumhq\selenium\selenium-firefox-driver\4.27.0\selenium-firefox-driver-4.27.0.jar;C:\WINDOWS\system32\config\systemprofile\.m2\repository\org\seleniumhq\selenium\selenium-http\4.27.0\selenium-http-4.27.0.jar;C:\WINDOWS\system32\config\systemprofile\.m2\repository\dev\failsafe\failsafe\3.3.2\failsafe-3.3.2.jar;C:\WINDOWS\system32\config\systemprofile\.m2\repository\org\seleniumhq\selenium\selenium-ie-driver\4.27.0\selenium-ie-driver-4.27.0.jar;C:\WINDOWS\system32\config\systemprofile\.m2\repository\org\seleniumhq\selenium\selenium-remote-driver\4.27.0\selenium-remote-driver-4.27.0.jar;C:\WINDOWS\system32\config\systemprofile\.m2\repository\com\google\guava\guava\33.3.1-jre\guava-33.3.1-jre.jar;C:\WINDOWS\system32\config\systemprofile\.m2\repository\com\google\guava\failureaccess\1.0.2\failureaccess-1.0.2.jar;C:\WINDOWS\system32\config\systemprofile\.m2\repository\com\google\guava\listenablefuture\9999.0-empty-to-avoid-conflict-with-guava\listenablefuture-9999.0-empty-to-avoid-conflict-with-guava.jar;C:\WINDOWS\system32\config\systemprofile\.m2\repository\com\google\code\findbugs\jsr305\3.0.2\jsr305-3.0.2.jar;C:\WINDOWS\system32\config\systemprofile\.m2\repository\org\checkerframework\checker-qual\3.43.0\checker-qual-3.43.0.jar;C:\WINDOWS\system32\config\systemprofile\.m2\repository\com\google\errorprone\error_prone_annotations\2.28.0\error_prone_annotations-2.28.0.jar;C:\WINDOWS\system32\config\systemprofile\.m2\repository\com\google\j2objc\j2objc-annotations\3.0.0\j2objc-annotations-3.0.0.jar;C:\WINDOWS\system32\config\systemprofile\.m2\repository\io\opentelemetry\semconv\opentelemetry-semconv\1.25.0-alpha\opentelemetry-semconv-1.25.0-alpha.jar;C:\WINDOWS\system32\config\systemprofile\.m2\repository\io\opentelemetry\opentelemetry-api\1.44.1\opentelemetry-api-1.44.1.jar;C:\WINDOWS\system32\config\systemprofile\.m2\repository\io\opentelemetry\opentelemetry-context\1.44.1\opentelemetry-context-1.44.1.jar;C:\WINDOWS\system32\config\systemprofile\.m2\repository\io\opentelemetry\opentelemetry-exporter-logging\1.44.1\opentelemetry-exporter-logging-1.44.1.jar;C:\WINDOWS\system32\config\systemprofile\.m2\repository\io\opentelemetry\opentelemetry-sdk-common\1.44.1\opentelemetry-sdk-common-1.44.1.jar;C:\WINDOWS\system32\config\systemprofile\.m2\repository\io\opentelemetry\opentelemetry-sdk-extension-autoconfigure-spi\1.44.1\opentelemetry-sdk-extension-autoconfigure-spi-1.44.1.jar;C:\WINDOWS\system32\config\systemprofile\.m2\repository\io\opentelemetry\opentelemetry-sdk-extension-autoconfigure\1.44.1\opentelemetry-sdk-extension-autoconfigure-1.44.1.jar;C:\WINDOWS\system32\config\systemprofile\.m2\repository\io\opentelemetry\opentelemetry-api-incubator\1.44.1-alpha\opentelemetry-api-incubator-1.44.1-alpha.jar;C:\WINDOWS\system32\config\systemprofile\.m2\repository\io\opentelemetry\opentelemetry-sdk-trace\1.44.1\opentelemetry-sdk-trace-1.44.1.jar;C:\WINDOWS\system32\config\systemprofile\.m2\repository\io\opentelemetry\opentelemetry-sdk\1.44.1\opentelemetry-sdk-1.44.1.jar;C:\WINDOWS\system32\config\systemprofile\.m2\repository\io\opentelemetry\opentelemetry-sdk-metrics\1.44.1\opentelemetry-sdk-metrics-1.44.1.jar;C:\WINDOWS\system32\config\systemprofile\.m2\repository\io\opentelemetry\opentelemetry-sdk-logs\1.44.1\opentelemetry-sdk-logs-1.44.1.jar;C:\WINDOWS\system32\config\systemprofile\.m2\repository\net\bytebuddy\byte-buddy\1.15.10\byte-buddy-1.15.10.jar;C:\WINDOWS\system32\config\systemprofile\.m2\repository\org\seleniumhq\selenium\selenium-os\4.27.0\selenium-os-4.27.0.jar;C:\WINDOWS\system32\config\systemprofile\.m2\repository\org\apache\commons\commons-exec\1.4.0\commons-exec-1.4.0.jar;C:\WINDOWS\system32\config\systemprofile\.m2\repository\org\seleniumhq\selenium\selenium-safari-driver\4.27.0\selenium-safari-driver-4.27.0.jar;C:\WINDOWS\system32\config\systemprofile\.m2\repository\org\seleniumhq\selenium\selenium-support\4.27.0\selenium-support-4.27.0.jar;C:\WINDOWS\system32\config\systemprofile\.m2\repository\org\testng\testng\7.4.0\testng-7.4.0.jar;C:\WINDOWS\system32\config\systemprofile\.m2\repository\com\beust\jcommander\1.78\jcommander-1.78.jar;C:\WINDOWS\system32\config\systemprofile\.m2\repository\org\webjars\jquery\3.5.1\jquery-3.5.1.jar;C:\WINDOWS\system32\config\systemprofile\.m2\repository\org\apache\logging\log4j\log4j-api\2.14.1\log4j-api-2.14.1.jar;C:\WINDOWS\system32\config\systemprofile\.m2\repository\org\apache\logging\log4j\log4j-core\2.14.1\log4j-core-2.14.1.jar;C:\WINDOWS\system32\config\systemprofile\.m2\repository\org\apache\poi\poi\5.4.0\poi-5.4.0.jar;C:\WINDOWS\system32\config\systemprofile\.m2\repository\commons-codec\commons-codec\1.17.1\commons-codec-1.17.1.jar;C:\WINDOWS\system32\config\systemprofile\.m2\repository\org\apache\commons\commons-collections4\4.4\commons-collections4-4.4.jar;C:\WINDOWS\system32\config\systemprofile\.m2\repository\org\apache\commons\commons-math3\3.6.1\commons-math3-3.6.1.jar;C:\WINDOWS\system32\config\systemprofile\.m2\repository\commons-io\commons-io\2.18.0\commons-io-2.18.0.jar;C:\WINDOWS\system32\config\systemprofile\.m2\repository\com\zaxxer\SparseBitSet\1.3\SparseBitSet-1.3.jar;C:\WINDOWS\system32\config\systemprofile\.m2\repository\org\apache\poi\poi-ooxml\5.4.0\poi-ooxml-5.4.0.jar;C:\WINDOWS\system32\config\systemprofile\.m2\repository\org\apache\poi\poi-ooxml-lite\5.4.0\poi-ooxml-lite-5.4.0.jar;C:\WINDOWS\system32\config\systemprofile\.m2\repository\org\apache\xmlbeans\xmlbeans\5.3.0\xmlbeans-5.3.0.jar;C:\WINDOWS\system32\config\systemprofile\.m2\repository\org\apache\commons\commons-compress\1.27.1\commons-compress-1.27.1.jar;C:\WINDOWS\system32\config\systemprofile\.m2\repository\org\apache\commons\commons-lang3\3.16.0\commons-lang3-3.16.0.jar;C:\WINDOWS\system32\config\systemprofile\.m2\repository\com\github\virtuald\curvesapi\1.08\curvesapi-1.08.jar;C:\WINDOWS\system32\config\systemprofile\.m2\repository\com\aventstack\extentreports\5.1.2\extentreports-5.1.2.jar;C:\WINDOWS\system32\config\systemprofile\.m2\repository\io\reactivex\rxjava3\rxjava\3.1.6\rxjava-3.1.6.jar;C:\WINDOWS\system32\config\systemprofile\.m2\repository\org\reactivestreams\reactive-streams\1.0.4\reactive-streams-1.0.4.jar;C:\WINDOWS\system32\config\systemprofile\.m2\repository\org\freemarker\freemarker\2.3.32\freemarker-2.3.32.jar;C:\WINDOWS\system32\config\systemprofile\.m2\repository\org\projectlombok\lombok\1.18.26\lombok-1.18.26.jar;C:\WINDOWS\system32\config\systemprofile\.m2\repository\com\google\code\gson\gson\2.10.1\gson-2.10.1.jar;"/>
    <property name="sun.cpu.endian" value="little"/>
    <property name="user.home" value="C:\WINDOWS\system32\config\systemprofile"/>
    <property name="user.language" value="en"/>
    <property name="java.specification.vendor" value="Oracle Corporation"/>
    <property name="java.version.date" value="2024-04-16"/>
    <property name="java.home" value="C:\Program Files\Java\jdk-21"/>
    <property name="file.separator" value="\"/>
    <property name="basedir" value="C:\Users\Pushyaraj\eclipse-workspace\Pavithra_FinalExam_Project"/>
    <property name="java.vm.compressedOopsMode" value="32-bit"/>
    <property name="line.separator" value="&#10;"/>
    <property name="java.vm.specification.vendor" value="Oracle Corporation"/>
    <property name="java.specification.name" value="Java Platform API Specification"/>
    <property name="surefire.real.class.path" value="C:\Windows\Temp\surefire10836590813327912173\surefirebooter-20250209094621213_3.jar"/>
    <property name="user.script" value=""/>
    <property name="sun.management.compiler" value="HotSpot 64-Bit Tiered Compilers"/>
    <property name="java.runtime.version" value="21.0.3+7-LTS-152"/>
    <property name="user.name" value="LAPTOP-82R9MB9O$"/>
    <property name="stdout.encoding" value="Cp1252"/>
    <property name="path.separator" value=";"/>
    <property name="os.version" value="10.0"/>
    <property name="java.runtime.name" value="Java(TM) SE Runtime Environment"/>
    <property name="file.encoding" value="UTF-8"/>
    <property name="java.vm.name" value="Java HotSpot(TM) 64-Bit Server VM"/>
    <property name="localRepository" value="C:\WINDOWS\system32\config\systemprofile\.m2\repository"/>
    <property name="java.vendor.url.bug" value="https://bugreport.java.com/bugreport/"/>
    <property name="java.io.tmpdir" value="C:\WINDOWS\TEMP\"/>
    <property name="java.version" value="21.0.3"/>
    <property name="user.dir" value="C:\Users\Pushyaraj\eclipse-workspace\Pavithra_FinalExam_Project"/>
    <property name="os.arch" value="amd64"/>
    <property name="java.vm.specification.name" value="Java Virtual Machine Specification"/>
    <property name="sun.os.patch.level" value=""/>
    <property name="native.encoding" value="Cp1252"/>
    <property name="java.library.path" value="C:\Program Files\Java\jdk-21\bin;C:\WINDOWS\Sun\Java\bin;C:\WINDOWS\system32;C:\WINDOWS;C:\ProgramData\Jenkins\.jenkins\tools\hudson.tasks.Maven_MavenInstallation\myMaven/bin;C:\Program Files\Java\jdk-21/bin;C:\Program Files\Java\jdk-21/bin;C:\Users\Pushyaraj\AppData\Local\Programs\Python\Python312\Scripts\;C:\Users\Pushyaraj\AppData\Local\Programs\Python\Python312\;C:\WINDOWS\system32;C:\WINDOWS;C:\WINDOWS\System32\Wbem;C:\WINDOWS\System32\WindowsPowerShell\v1.0\;C:\WINDOWS\System32\OpenSSH\;C:\Program Files (x86)\PDFtk\bin\;C:\Program Files (x86)\Microsoft SQL Server\160\DTS\Binn\;C:\Program Files (x86)\Microsoft SQL Server\160\Tools\Binn\;C:\Program Files\Microsoft SQL Server\160\Tools\Binn\;C:\Program Files\Microsoft SQL Server\Client SDK\ODBC\170\Tools\Binn\;C:\Program Files\Microsoft SQL Server\160\DTS\Binn\;C:\Program Files\nodejs\;C:\ProgramData\chocolatey\bin;C:\Program Files\Java\jdk-21\bin;C:\Users\Pushyaraj\AppData\Local\Android\Sdk\platform-tools;C:\Users\Pushyaraj\AppData\Local\Android\Sdk\cmdline-tools;C:\Program Files\Git\cmd;C:\Program Files\Java\jdk-21\lib;C:\Users\Pushyaraj\AppData\Local\Android\Sdk\tools\bin;C:\Users\Pushyaraj\AppData\Local\Android\Sdk\tools;C:\Program Files\nodejs\node_modules\npm\bin;C:\WINDOWS\system32\config\systemprofile\AppData\Local\Microsoft\WindowsApps;."/>
    <property name="java.vm.info" value="mixed mode, sharing"/>
    <property name="stderr.encoding" value="Cp1252"/>
    <property name="java.vendor" value="Oracle Corporation"/>
    <property name="java.vm.version" value="21.0.3+7-LTS-152"/>
    <property name="sun.io.unicode.encoding" value="UnicodeLittle"/>
    <property name="java.class.version" value="65.0"/>
  </properties>
  <testcase name="testmethod1" classname="com.testSuite.TC_captureTableContent" time="116.886">
    <system-out><![CDATA[ele size 18
C:\Users\Pushyaraj\eclipse-workspace\Pavithra_FinalExam_Project\Reports\screenshots\Screenshot_09_02_2025_09_46_31
11
Financial terms of the winning bid
Price offered
(per $100 of the nominal amount)
98.53800
Maturity
Nominal value
($)
Annual
coupon rate
(%) (1)
February 19, 2026
274 000
2.85
February 19, 2027
285 000
3.00
February 19, 2028
296 000
3.10
February 19, 2029
308 000
3.15
February 19, 2030 (2)
4 065 000
3.25
Total
5 228 000
n/a
Borrower’s cost (3)
3.58714 %
Weighted average maturity based on nominal value of the bonds issue
53 months
Excel file created successfully.
C:\Users\Pushyaraj\eclipse-workspace\Pavithra_FinalExam_Project\Reports\screenshots\Screenshot_09_02_2025_09_46_34
C:\Users\Pushyaraj\eclipse-workspace\Pavithra_FinalExam_Project\Reports\screenshots\Screenshot_09_02_2025_09_46_35
11
Financial terms of the winning bid
Price offered
(per $100 of the nominal amount)
98.64300
Maturity
Nominal value
($)
Annual
coupon rate
(%) (1)
February 19, 2026
328 000
2.85
February 19, 2027
341 000
3.00
February 19, 2028
354 000
3.10
February 19, 2029
368 000
3.15
February 19, 2030 (2)
3 738 000
3.25
Total
5 129 000
n/a
Borrower’s cost (3)
3.56424 %
Weighted average maturity based on nominal value of the bonds issue
52 months
Excel file created successfully.
C:\Users\Pushyaraj\eclipse-workspace\Pavithra_FinalExam_Project\Reports\screenshots\Screenshot_09_02_2025_09_46_38
C:\Users\Pushyaraj\eclipse-workspace\Pavithra_FinalExam_Project\Reports\screenshots\Screenshot_09_02_2025_09_46_39
11
Financial terms of the winning bid
Price offered
(per $100 of the nominal amount)
98.30800
Maturity
Nominal value
($)
Annual
coupon rate
(%) (1)
February 19, 2026
195 000
2.50
February 19, 2027
202 000
2.50
February 19, 2028
210 000
2.75
February 19, 2029
218 000
3.00
February 19, 2030 (2)
7 175 000
3.25
Total
8 000 000
n/a
Borrower’s cost (3)
3.61514 %
Weighted average maturity based on nominal value of the bonds issue
57 months
Excel file created successfully.
C:\Users\Pushyaraj\eclipse-workspace\Pavithra_FinalExam_Project\Reports\screenshots\Screenshot_09_02_2025_09_46_42
C:\Users\Pushyaraj\eclipse-workspace\Pavithra_FinalExam_Project\Reports\screenshots\Screenshot_09_02_2025_09_46_43
11
Financial terms of the winning bid
Price offered
(per $100 of the nominal amount)
99.19642
Maturity
Nominal value
($)
Annual
coupon rate
(%) (1)
February 18, 2026
829 000
2.95
February 18, 2027
863 000
3.05
February 18, 2028
898 000
3.10
February 18, 2029
935 000
3.20
February 18, 2030 (2)
1 604 000
3.35
Total
5 129 000
n/a
Borrower’s cost (3)
3.48632 %
Weighted average maturity based on nominal value of the bonds issue
40 months
Excel file created successfully.
C:\Users\Pushyaraj\eclipse-workspace\Pavithra_FinalExam_Project\Reports\screenshots\Screenshot_09_02_2025_09_46_46
C:\Users\Pushyaraj\eclipse-workspace\Pavithra_FinalExam_Project\Reports\screenshots\Screenshot_09_02_2025_09_46_47
11
Financial terms of the winning bid
Price offered
(per $100 of the nominal amount)
99.09174
Maturity
Nominal value
($)
Annual
coupon rate
(%) (1)
February 18, 2026
402 000
2.95
February 18, 2027
417 000
3.05
February 18, 2028
433 000
3.10
February 18, 2029
232 000
3.20
February 18, 2030 (2)
1 486 000
3.35
Total
2 970 000
n/a
Borrower’s cost (3)
3.53622 %
Weighted average maturity based on nominal value of the bonds issue
44 months
Excel file created successfully.
C:\Users\Pushyaraj\eclipse-workspace\Pavithra_FinalExam_Project\Reports\screenshots\Screenshot_09_02_2025_09_46_50
C:\Users\Pushyaraj\eclipse-workspace\Pavithra_FinalExam_Project\Reports\screenshots\Screenshot_09_02_2025_09_46_52
11
Financial terms of the winning bid
Price offered
(per $100 of the nominal amount)
98.58700
Maturity
Nominal value
($)
Annual
coupon rate
(%) (1)
February 18, 2026
189 000
2.90
February 18, 2027
197 000
3.00
February 18, 2028
205 000
3.10
February 18, 2029
213 000
3.15
February 18, 2030 (2)
2 820 000
3.25
Total
3 624 000
n/a
Borrower’s cost (3)
3.57555 %
Weighted average maturity based on nominal value of the bonds issue
54 months
Excel file created successfully.
C:\Users\Pushyaraj\eclipse-workspace\Pavithra_FinalExam_Project\Reports\screenshots\Screenshot_09_02_2025_09_46_55
C:\Users\Pushyaraj\eclipse-workspace\Pavithra_FinalExam_Project\Reports\screenshots\Screenshot_09_02_2025_09_46_56
11
Financial terms of the winning bid
Price offered
(per $100 of the nominal amount)
98.65700
Maturity
Nominal value
($)
Annual
coupon rate
(%) (1)
February 18, 2026
81 000
2.90
February 18, 2027
85 000
3.00
February 18, 2028
88 000
3.10
February 18, 2029
91 000
3.15
February 18, 2030 (2)
1 729 000
3.30
Total
2 074 000
n/a
Borrower’s cost (3)
3.60035 %
Weighted average maturity based on nominal value of the bonds issue
55 months
Excel file created successfully.
C:\Users\Pushyaraj\eclipse-workspace\Pavithra_FinalExam_Project\Reports\screenshots\Screenshot_09_02_2025_09_46_59
C:\Users\Pushyaraj\eclipse-workspace\Pavithra_FinalExam_Project\Reports\screenshots\Screenshot_09_02_2025_09_47_00
11
Financial terms of the winning bid
Price offered
(per $100 of the nominal amount)
98.96100
Maturity
Nominal value
($)
Annual
coupon rate
(%) (1)
February 14, 2026
166 000
2.50
February 14, 2027
173 000
2.50
February 14, 2028
180 000
2.75
February 14, 2029
188 000
3.25
February 14, 2030 (2)
2 860 000
3.50
Total
3 567 000
n/a
Borrower’s cost (3)
3.68166 %
Weighted average maturity based on nominal value of the bonds issue
54 months
Excel file created successfully.
C:\Users\Pushyaraj\eclipse-workspace\Pavithra_FinalExam_Project\Reports\screenshots\Screenshot_09_02_2025_09_47_03
C:\Users\Pushyaraj\eclipse-workspace\Pavithra_FinalExam_Project\Reports\screenshots\Screenshot_09_02_2025_09_47_04
11
Financial terms of the winning bid
Price offered
(per $100 of the nominal amount)
98.41000
Maturity
Nominal value
($)
Annual
coupon rate
(%) (1)
February 14, 2026
111 000
3.00
February 14, 2027
116 000
3.05
February 14, 2028
120 000
3.10
February 14, 2029
125 000
3.20
February 14, 2030 (2)
2 523 000
3.35
Total
2 995 000
n/a
Borrower’s cost (3)
3.70901 %
Weighted average maturity based on nominal value of the bonds issue
55 months
Excel file created successfully.
C:\Users\Pushyaraj\eclipse-workspace\Pavithra_FinalExam_Project\Reports\screenshots\Screenshot_09_02_2025_09_47_07
C:\Users\Pushyaraj\eclipse-workspace\Pavithra_FinalExam_Project\Reports\screenshots\Screenshot_09_02_2025_09_47_08
11
Financial terms of the winning bid
Price offered
(per $100 of the nominal amount)
98.63400
Maturity
Nominal value
($)
Annual
coupon rate
(%) (1)
February 14, 2026
186 000
2.90
February 14, 2027
194 000
3.00
February 14, 2028
201 000
3.10
February 14, 2029
209 000
3.20
February 14, 2030 (2)
1 507 000
3.30
Total
2 297 000
n/a
Borrower’s cost (3)
3.61664 %
Weighted average maturity based on nominal value of the bonds issue
50 months
Excel file created successfully.
C:\Users\Pushyaraj\eclipse-workspace\Pavithra_FinalExam_Project\Reports\screenshots\Screenshot_09_02_2025_09_47_44
C:\Users\Pushyaraj\eclipse-workspace\Pavithra_FinalExam_Project\Reports\screenshots\Screenshot_09_02_2025_09_47_45
11
Financial terms of the winning bid
Price offered
(per $100 of the nominal amount)
98.58400
Maturity
Nominal value
($)
Annual
coupon rate
(%) (1)
February 14, 2026
375 000
2.90
February 14, 2027
391 000
3.00
February 14, 2028
408 000
3.10
February 14, 2029
425 000
3.20
February 14, 2030 (2)
2 959 000
3.30
Total
4 558 000
n/a
Borrower’s cost (3)
3.63024 %
Weighted average maturity based on nominal value of the bonds issue
50 months
Excel file created successfully.
C:\Users\Pushyaraj\eclipse-workspace\Pavithra_FinalExam_Project\Reports\screenshots\Screenshot_09_02_2025_09_47_53
C:\Users\Pushyaraj\eclipse-workspace\Pavithra_FinalExam_Project\Reports\screenshots\Screenshot_09_02_2025_09_47_54
11
Financial terms of the winning bid
Price offered
(per $100 of the nominal amount)
98.40700
Maturity
Nominal value
($)
Annual
coupon rate
(%) (1)
February 13, 2026
399 000
2.95
February 13, 2027
414 000
2.95
February 13, 2028
430 000
3.00
February 13, 2029
448 000
3.15
February 13, 2030 (2)
2 665 000
3.25
Total
4 356 000
n/a
Borrower’s cost (3)
3.62916 %
Weighted average maturity based on nominal value of the bonds issue
49 months
Excel file created successfully.
C:\Users\Pushyaraj\eclipse-workspace\Pavithra_FinalExam_Project\Reports\screenshots\Screenshot_09_02_2025_09_47_58
C:\Users\Pushyaraj\eclipse-workspace\Pavithra_FinalExam_Project\Reports\screenshots\Screenshot_09_02_2025_09_48_00
11
Financial terms of the winning bid
Price offered
(per $100 of the nominal amount)
98.29600
Maturity
Nominal value
($)
Annual
coupon rate
(%) (1)
February 13, 2026
179 000
2.95
February 13, 2027
186 000
2.95
February 13, 2028
194 000
3.00
February 13, 2029
202 000
3.15
February 13, 2030 (2)
2 201 000
3.25
Total
2 962 000
n/a
Borrower’s cost (3)
3.64638 %
Weighted average maturity based on nominal value of the bonds issue
52 months
Excel file created successfully.
C:\Users\Pushyaraj\eclipse-workspace\Pavithra_FinalExam_Project\Reports\screenshots\Screenshot_09_02_2025_09_48_03
C:\Users\Pushyaraj\eclipse-workspace\Pavithra_FinalExam_Project\Reports\screenshots\Screenshot_09_02_2025_09_48_04
11
Financial terms of the winning bid
Price offered
(per $100 of the nominal amount)
98.78900
Maturity
Nominal value
($)
Annual
coupon rate
(%) (1)
February 10, 2026
266 000
3.00
February 10, 2027
277 000
3.10
February 10, 2028
287 000
3.25
February 10, 2029
298 000
3.40
February 10, 2030 (2)
2 279 000
3.50
Total
3 407 000
n/a
Borrower’s cost (3)
3.76741 %
Weighted average maturity based on nominal value of the bonds issue
50 months
Excel file created successfully.
C:\Users\Pushyaraj\eclipse-workspace\Pavithra_FinalExam_Project\Reports\screenshots\Screenshot_09_02_2025_09_48_08
C:\Users\Pushyaraj\eclipse-workspace\Pavithra_FinalExam_Project\Reports\screenshots\Screenshot_09_02_2025_09_48_09
11
Financial terms of the winning bid
Price offered
(per $100 of the nominal amount)
98.96277
Maturity
Nominal value
($)
Annual
coupon rate
(%) (1)
February 10, 2026
427 000
3.10
February 10, 2027
445 000
3.20
February 10, 2028
463 000
3.30
February 10, 2029
483 000
3.40
February 10, 2030 (2)
3 191 000
3.55
Total
5 009 000
n/a
Borrower’s cost (3)
3.76953 %
Weighted average maturity based on nominal value of the bonds issue
49 months
Excel file created successfully.
C:\Users\Pushyaraj\eclipse-workspace\Pavithra_FinalExam_Project\Reports\screenshots\Screenshot_09_02_2025_09_48_12
C:\Users\Pushyaraj\eclipse-workspace\Pavithra_FinalExam_Project\Reports\screenshots\Screenshot_09_02_2025_09_48_13
11
Financial terms of the winning bid
Price offered
(per $100 of the nominal amount)
99.61900
Maturity
Nominal value
($)
Annual
coupon rate
(%) (1)
February 10, 2026
649 000
3.30
February 10, 2027
675 000
3.40
February 10, 2028
702 000
3.50
February 10, 2029
731 000
3.60
February 10, 2030 (2)
3 746 000
3.70
Total
6 503 000
n/a
Borrower’s cost (3)
3.74993 %
Weighted average maturity based on nominal value of the bonds issue
48 months
Excel file created successfully.
C:\Users\Pushyaraj\eclipse-workspace\Pavithra_FinalExam_Project\Reports\screenshots\Screenshot_09_02_2025_09_48_16
C:\Users\Pushyaraj\eclipse-workspace\Pavithra_FinalExam_Project\Reports\screenshots\Screenshot_09_02_2025_09_48_17
11
Financial terms of the winning bid
Price offered
(per $100 of the nominal amount)
98.50400
Maturity
Nominal value
($)
Annual
coupon rate
(%) (1)
February 10, 2026
246 000
3.10
February 10, 2027
256 000
3.15
February 10, 2028
266 000
3.20
February 10, 2029
276 000
3.35
February 10, 2030 (2)
1 906 000
3.45
Total
2 950 000
n/a
Borrower’s cost (3)
3.80100 %
Weighted average maturity based on nominal value of the bonds issue
50 months
Excel file created successfully.
C:\Users\Pushyaraj\eclipse-workspace\Pavithra_FinalExam_Project\Reports\screenshots\Screenshot_09_02_2025_09_48_20
C:\Users\Pushyaraj\eclipse-workspace\Pavithra_FinalExam_Project\Reports\screenshots\Screenshot_09_02_2025_09_48_21
11
Financial terms of the winning bid
Price offered
(per $100 of the nominal amount)
98.79850
Maturity
Nominal value
($)
Annual
coupon rate
(%) (1)
February 10, 2026
215 000
3.10
February 10, 2027
223 000
3.20
February 10, 2028
232 000
3.30
February 10, 2029
241 000
3.40
February 10, 2030 (2)
3 787 000
3.55
Total
4 698 000
n/a
Borrower’s cost (3)
3.81505 %
Weighted average maturity based on nominal value of the bonds issue
54 months
Excel file created successfully.
C:\Users\Pushyaraj\eclipse-workspace\Pavithra_FinalExam_Project\Reports\screenshots\Screenshot_09_02_2025_09_48_24
]]></system-out>
    <system-err><![CDATA[Feb 09, 2025 9:46:26 A.M. org.openqa.selenium.devtools.CdpVersionFinder findNearestMatch
WARNING: Unable to find an exact match for CDP version 133, returning the closest version; found: 131; Please update to a Selenium version that supports CDP version 133
]]></system-err>
  </testcase>
</testsuite>