<?xml version="1.0" encoding="UTF-8"?>
<!-- Generated by org.testng.reporters.JUnitReportReporter -->
<testsuite hostname="LAPTOP-82R9MB9O" failures="0" tests="1" name="TC1_check" time="82.927" errors="0" timestamp="2025-02-08T12:02:57 EST" skipped="0">
  <testcase classname="TC1_check" name="openAndCopyEachBondTableToExcel" time="82.927"/>
  <system-out/>
</testsuite> <!-- TC1_check -->
