<?xml version="1.0" encoding="UTF-8"?>
<!-- Generated by org.testng.reporters.JUnitReportReporter -->
<testsuite hostname="LAPTOP-82R9MB9O" failures="0" tests="1" name="com.testSuite.TC_captureTableContent" time="116.980" errors="0" timestamp="2025-02-09T09:48:26 EST" skipped="0">
  <testcase classname="com.testSuite.TC_captureTableContent" name="testmethod1" time="116.980"/>
  <system-out/>
</testsuite> <!-- com.testSuite.TC_captureTableContent -->
